<?xml version="1.0" encoding="UTF-8"?>
<!-- Generated by org.testng.reporters.JUnitReportReporter -->
<testsuite skipped="0" hostname="DESKTOP-R0517D8" name="TestCases.TestCase_01" tests="1" failures="0" timestamp="10 Feb 2019 05:37:24 GMT" time="2.892" errors="0">
  <testcase name="practic01" time="2.892" classname="TestCases.TestCase_01"/>
</testsuite> <!-- TestCases.TestCase_01 -->
