<?xml version="1.0" encoding="UTF-8"?>
<!-- Generated by org.testng.reporters.JUnitReportReporter -->
<testsuite skipped="0" hostname="DESKTOP-R0517D8" name="TestCases.TestCase_02" tests="1" failures="0" timestamp="10 Feb 2019 05:31:21 GMT" time="10.710" errors="0">
  <testcase name="TC02_Verify_CheckIn_ErrorMessage" time="10.710" classname="TestCases.TestCase_02"/>
</testsuite> <!-- TestCases.TestCase_02 -->
