<?xml version="1.0" encoding="UTF-8"?>
<!-- Generated by org.testng.reporters.JUnitReportReporter -->
<testsuite skipped="0" hostname="DESKTOP-R0517D8" name="TestCases.TestCase_06" tests="1" failures="0" timestamp="20 Feb 2019 06:13:55 GMT" time="18.459" errors="0">
  <testcase name="TC06_verify_NoOfRoom" time="18.459" classname="TestCases.TestCase_06"/>
</testsuite> <!-- TestCases.TestCase_06 -->
