<?xml version="1.0" encoding="UTF-8"?>
<!-- Generated by org.testng.reporters.JUnitReportReporter -->
<testsuite skipped="0" hostname="DESKTOP-R0517D8" name="TestCases.TestCase_03" tests="1" failures="0" timestamp="10 Feb 2019 05:31:21 GMT" time="3.730" errors="0">
  <testcase name="TC03_Verify_CheckOut_ErrorMessage" time="3.730" classname="TestCases.TestCase_03"/>
</testsuite> <!-- TestCases.TestCase_03 -->
