<?xml version="1.0" encoding="UTF-8"?>
<!-- Generated by org.testng.reporters.JUnitReportReporter -->
<testsuite skipped="0" hostname="DESKTOP-R0517D8" name="TestCases.TestCase_05" tests="1" failures="0" timestamp="15 Feb 2019 06:51:20 GMT" time="14.714" errors="0">
  <testcase name="TC05_verify_CheckDate" time="14.714" classname="TestCases.TestCase_05"/>
</testsuite> <!-- TestCases.TestCase_05 -->
